============================================================
  Generated by:           Genus(TM) Synthesis Solution 18.14-s037_1
  Generated on:           May 23 2024  06:08:23 pm
  Module:                 alu_conv
  Operating conditions:   typical 
  Interconnect mode:      global
  Area mode:              physical library
============================================================


Path 1: MET (491 ps) Path Delay Check
     Startpoint: (R) a_sel
       Endpoint: (F) out[6]

                   Capture    Launch  
      Path Delay:+    1000         -  
      Drv Adjust:+       0         0  
         Arrival:=    1000            
                                      
   Required Time:=    1000            
       Data Path:-     509            
           Slack:=     491            

Exceptions/Constraints:
  max_delay             1000            alu_conv.sdc_line_16 

#------------------------------------------------------------------------------------------
#  Timing Point    Flags    Arc   Edge   Cell     Fanout Load Trans Delay Arrival Instance 
#                                                        (fF)  (ps)  (ps)   (ps)  Location 
#------------------------------------------------------------------------------------------
  a_sel            -       -      R     (arrival)      1  1.1     0     0       0    (-,-) 
  drc_buf_sp5039/Z -       A->Z   R     CLKBUF_X1      8 16.7    41    63      63    (-,-) 
  g4769__3772/Z    -       S->Z   F     MUX2_X1        6 11.0    20    81     144    (-,-) 
  g4737__6877/ZN   -       A1->ZN R     NOR2_X1        2  3.9    26    39     183    (-,-) 
  g4685__9682/ZN   -       B1->ZN F     OAI21_X1       3  4.5    15    25     208    (-,-) 
  g4677__2250/ZN   -       B1->ZN R     AOI21_X1       3  5.8    41    49     258    (-,-) 
  g4668__2900/ZN   -       B1->ZN F     OAI21_X1       3  4.5    18    29     287    (-,-) 
  g4655__8780/ZN   -       B1->ZN R     AOI21_X1       3  5.7    40    50     337    (-,-) 
  g4650__2703/ZN   -       B1->ZN F     OAI21_X1       3  4.5    18    29     366    (-,-) 
  g4643__5703/ZN   -       A1->ZN F     AND3_X1        1  1.8     7    36     402    (-,-) 
  g4640__6877/ZN   -       A->ZN  R     AOI221_X1      1  1.9    43    71     473    (-,-) 
  g4631__4296/ZN   -       A->ZN  F     OAI221_X1      1  0.4    16    36     509    (-,-) 
  out[6]           <<<     -      F     (port)         -    -     -     0     509    (-,-) 
#------------------------------------------------------------------------------------------

