xrun(64): 18.09-s011: (c) Copyright 1995-2019 Cadence Design Systems, Inc.
TOOL:	xrun(64)	18.09-s011: Started on Jun 06, 2024 at 17:52:12 CDT
xrun
	-64bit
	-gui
	-access r
	-xmelab_args "-warnmax 0 -delay_mode zero-maxdelays"
	./Synthesis/mac_syn.v
	mac_test.v
	/vol/ece303/genus_tutorial/NangateOpenCellLibrary.v
Recompiling... reason: file './Synthesis/mac_syn.v' is newer than expected.
	expected: Thu Jun  6 17:33:03 2024
	actual:   Thu Jun  6 17:50:03 2024
file: ./Synthesis/mac_syn.v
	module worklib.mac:v
		errors: 0, warnings: 0
		Caching library 'worklib' ....... Done
	Elaborating the design hierarchy:
	Top level design units:
		tb_mac
		AND2_X4
		AND3_X1
		AND3_X2
		AND3_X4
		AND4_X1
		AND4_X2
		AND4_X4
		ANTENNA_X1
		AOI211_X1
		AOI211_X2
		AOI211_X4
		AOI221_X1
		AOI221_X2
		AOI221_X4
		AOI222_X1
		AOI222_X2
		AOI222_X4
		AOI22_X1
		AOI22_X2
		AOI22_X4
		BUF_X1
		BUF_X16
		BUF_X2
		BUF_X32
		BUF_X4
		BUF_X8
		CLKBUF_X2
		CLKBUF_X3
		CLKGATETST_X1
		CLKGATETST_X2
		CLKGATETST_X4
		CLKGATETST_X8
		CLKGATE_X1
		CLKGATE_X2
		CLKGATE_X4
		CLKGATE_X8
		DFFRS_X1
		DFFRS_X2
		DFFR_X2
		DFFS_X1
		DFFS_X2
		DFF_X1
		DFF_X2
		DLH_X1
		DLH_X2
		DLL_X1
		DLL_X2
		FILLCELL_X1
		FILLCELL_X2
		FILLCELL_X4
		FILLCELL_X8
		FILLCELL_X16
		FILLCELL_X32
		INV_X16
		INV_X32
		INV_X4
		INV_X8
		LOGIC0_X1
		LOGIC1_X1
		NAND3_X4
		NAND4_X1
		NAND4_X2
		NAND4_X4
		NOR3_X2
		NOR3_X4
		NOR4_X1
		NOR4_X2
		NOR4_X4
		OAI211_X2
		OAI211_X4
		OAI21_X4
		OAI221_X1
		OAI221_X2
		OAI221_X4
		OAI222_X1
		OAI222_X2
		OAI222_X4
		OAI22_X2
		OAI22_X4
		OAI33_X1
		OR2_X4
		OR3_X2
		OR3_X4
		OR4_X1
		OR4_X2
		OR4_X4
		SDFFRS_X1
		SDFFRS_X2
		SDFFR_X2
		SDFFS_X1
		SDFFS_X2
		SDFF_X1
		SDFF_X2
		TBUF_X1
		TBUF_X16
		TBUF_X2
		TBUF_X4
		TBUF_X8
		TINV_X1
		TLAT_X1
		XOR2_X2
	Building instance overlay tables: .................... Done
	Generating native compiled code:
		worklib.XOR2_X2:v <0x3ec30382>
			streams:   0, words:     0
		worklib.TLAT_X1:v <0x487be714>
			streams:   0, words:     0
		worklib.SDFF_X2:v <0x6ce6b523>
			streams:   0, words:     0
		worklib.SDFF_X1:v <0x282b6d1f>
			streams:   0, words:     0
		worklib.SDFFS_X2:v <0x3e603a79>
			streams:   0, words:     0
		worklib.SDFFS_X1:v <0x7944210b>
			streams:   0, words:     0
		worklib.SDFFR_X2:v <0x17c46293>
			streams:   0, words:     0
		worklib.SDFFRS_X2:v <0x485ddb40>
			streams:   0, words:     0
		worklib.SDFFRS_X1:v <0x0a99d160>
			streams:   0, words:     0
		worklib.OAI33_X1:v <0x4fc4bbe7>
			streams:   0, words:     0
		worklib.OAI22_X4:v <0x3c95815d>
			streams:   0, words:     0
		worklib.OAI22_X2:v <0x6042bcb2>
			streams:   0, words:     0
		worklib.OAI222_X4:v <0x4a01bd89>
			streams:   0, words:     0
		worklib.OAI222_X2:v <0x38c7af1c>
			streams:   0, words:     0
		worklib.OAI222_X1:v <0x2918c0db>
			streams:   0, words:     0
		worklib.OAI221_X4:v <0x549d6d9f>
			streams:   0, words:     0
		worklib.OAI221_X2:v <0x52bc3974>
			streams:   0, words:     0
		worklib.OAI221_X1:v <0x3cc56964>
			streams:   0, words:     0
		worklib.OAI21_X4:v <0x1409c877>
			streams:   0, words:     0
		worklib.OAI211_X4:v <0x74e71822>
			streams:   0, words:     0
		worklib.OAI211_X2:v <0x2db566a8>
			streams:   0, words:     0
		worklib.DLL_X2:v <0x347f4884>
			streams:   0, words:     0
		worklib.DLL_X1:v <0x5cac45a3>
			streams:   0, words:     0
		worklib.DLH_X2:v <0x2447dcad>
			streams:   0, words:     0
		worklib.DLH_X1:v <0x4c94d18a>
			streams:   0, words:     0
		worklib.DFF_X2:v <0x2afc44f1>
			streams:   0, words:     0
		worklib.DFF_X1:v <0x10b79875>
			streams:   0, words:     0
		worklib.DFFS_X2:v <0x04a5411a>
			streams:   0, words:     0
		worklib.DFFS_X1:v <0x65df2d88>
			streams:   0, words:     0
		worklib.DFFR_X2:v <0x4f70f377>
			streams:   0, words:     0
		worklib.DFFRS_X2:v <0x291937d4>
			streams:   0, words:     0
		worklib.DFFRS_X1:v <0x6120ca60>
			streams:   0, words:     0
		worklib.CLKGATE_X8:v <0x53a05d40>
			streams:   0, words:     0
		worklib.CLKGATE_X4:v <0x3a8f2f50>
			streams:   0, words:     0
		worklib.CLKGATE_X2:v <0x4e189658>
			streams:   0, words:     0
		worklib.CLKGATE_X1:v <0x74534adc>
			streams:   0, words:     0
		worklib.CLKGATETST_X8:v <0x7a943c8a>
			streams:   0, words:     0
		worklib.CLKGATETST_X4:v <0x606546c9>
			streams:   0, words:     0
		worklib.CLKGATETST_X2:v <0x18562081>
			streams:   0, words:     0
		worklib.CLKGATETST_X1:v <0x644f93a5>
			streams:   0, words:     0
		worklib.AOI22_X4:v <0x177462c3>
			streams:   0, words:     0
		worklib.AOI22_X2:v <0x4ba35f2c>
			streams:   0, words:     0
		worklib.AOI22_X1:v <0x7996f269>
			streams:   0, words:     0
		worklib.AOI222_X4:v <0x34b79711>
			streams:   0, words:     0
		worklib.AOI222_X2:v <0x57bdb79b>
			streams:   0, words:     0
		worklib.AOI222_X1:v <0x4662d85c>
			streams:   0, words:     0
		worklib.AOI221_X4:v <0x4be07241>
			streams:   0, words:     0
		worklib.AOI221_X2:v <0x4c04c405>
			streams:   0, words:     0
		worklib.AOI221_X1:v <0x227d9415>
			streams:   0, words:     0
		worklib.AOI211_X4:v <0x6fde8267>
			streams:   0, words:     0
		worklib.AOI211_X2:v <0x74b9bcd7>
			streams:   0, words:     0
		worklib.AOI211_X1:v <0x00e3dbdb>
			streams:   0, words:     0
		worklib.SDFFR_X1:v <0x4c93ebc0>
			streams:   0, words:     0
		worklib.OAI22_X1:v <0x40b3d8f3>
			streams:   0, words:     0
		worklib.MUX2_X2:v <0x4ab5de76>
			streams:   0, words:     0
		worklib.AOI21_X1:v <0x5860456e>
			streams:   0, words:     0
		worklib.XNOR2_X2:v <0x4eb236c6>
			streams:   0, words:     0
		worklib.MUX2_X1:v <0x36ac6d52>
			streams:   0, words:     0
		worklib.HA_X1:v <0x695a3eeb>
			streams:   0, words:     0
		worklib.XOR2_X1:v <0x62eb5b38>
			streams:   0, words:     0
		worklib.AOI21_X4:v <0x3a645446>
			streams:   0, words:     0
		worklib.OAI21_X2:v <0x4ba2d83d>
			streams:   0, words:     0
		worklib.AOI21_X2:v <0x30b34849>
			streams:   0, words:     0
		worklib.OAI211_X1:v <0x59ef01a4>
			streams:   0, words:     0
		worklib.OAI21_X1:v <0x2371d51a>
			streams:   0, words:     0
		worklib.FA_X1:v <0x449bfe89>
			streams:   0, words:     0
		worklib.XNOR2_X1:v <0x64012330>
			streams:   0, words:     0
		worklib.DFFR_X1:v <0x535a29da>
			streams:   0, words:     0
		worklib.tb_mac:v <0x032f4fb9>
			streams:   2, words: 14429
	Building instance specific data structures.
	Loading native compiled code:     .................... Done
	Design hierarchy summary:
		            Instances  Unique
		Modules:          329     136
		UDPs:             251      30
		Primitives:      1178       6
		Registers:         71      62
		Scalar wires:     127       -
		Expanded wires:     8       2
		Always blocks:      1       1
		Initial blocks:     1       1
	Writing initial simulation snapshot: worklib.tb_mac:v

-------------------------------------
Relinquished control to SimVision...
xcelium> 
xcelium> source /vol/cadence2018/XCELIUM1809/tools/xcelium/files/xmsimrc
xcelium> database -open waves -into waves.shm -default
Created default SHM database waves
xcelium> probe -create -shm tb_mac.IN tb_mac.OUT tb_mac.W tb_mac.clk tb_mac.rstb
Created probe 1
xcelium> run
Simulation stopped via $stop(1) at time 330 NS + 0
xcelium> 